c:\users\jedrusinsky\desktop\projekt symulacja\activityscanning7\activityscanning\debug\vc141.pdb
c:\users\jedrusinsky\desktop\projekt symulacja\activityscanning7\activityscanning\debug\vc141.idb
c:\users\jedrusinsky\desktop\projekt symulacja\activityscanning7\activityscanning\debug\statistics_holder.obj
c:\users\jedrusinsky\desktop\projekt symulacja\activityscanning7\activityscanning\debug\readyqueue.obj
c:\users\jedrusinsky\desktop\projekt symulacja\activityscanning7\activityscanning\debug\queueio.obj
c:\users\jedrusinsky\desktop\projekt symulacja\activityscanning7\activityscanning\debug\process.obj
c:\users\jedrusinsky\desktop\projekt symulacja\activityscanning7\activityscanning\debug\io.obj
c:\users\jedrusinsky\desktop\projekt symulacja\activityscanning7\activityscanning\debug\generator.obj
c:\users\jedrusinsky\desktop\projekt symulacja\activityscanning7\activityscanning\debug\cpuscheduler.obj
c:\users\jedrusinsky\desktop\projekt symulacja\activityscanning7\activityscanning\debug\cpu.obj
c:\users\jedrusinsky\desktop\projekt symulacja\activityscanning7\activityscanning\debug\activityscanning.obj
c:\users\jedrusinsky\desktop\projekt symulacja\activityscanning7\activityscanning\debug\rng.obj
c:\users\jedrusinsky\desktop\projekt symulacja\activityscanning7\activityscanning\debug\kernels.obj
c:\users\jedrusinsky\desktop\projekt symulacja\activityscanning7 — kopia\activityscanning\debug\vc141.pdb
c:\users\jedrusinsky\desktop\projekt symulacja\activityscanning7 — kopia\activityscanning\debug\vc141.idb
c:\users\jedrusinsky\desktop\projekt symulacja\activityscanning7 — kopia\activityscanning\debug\statistics_holder.obj
c:\users\jedrusinsky\desktop\projekt symulacja\activityscanning7 — kopia\activityscanning\debug\rng.obj
c:\users\jedrusinsky\desktop\projekt symulacja\activityscanning7 — kopia\activityscanning\debug\readyqueue.obj
c:\users\jedrusinsky\desktop\projekt symulacja\activityscanning7 — kopia\activityscanning\debug\queueio.obj
c:\users\jedrusinsky\desktop\projekt symulacja\activityscanning7 — kopia\activityscanning\debug\process.obj
c:\users\jedrusinsky\desktop\projekt symulacja\activityscanning7 — kopia\activityscanning\debug\kernels.obj
c:\users\jedrusinsky\desktop\projekt symulacja\activityscanning7 — kopia\activityscanning\debug\io.obj
c:\users\jedrusinsky\desktop\projekt symulacja\activityscanning7 — kopia\activityscanning\debug\cpuscheduler.obj
c:\users\jedrusinsky\desktop\projekt symulacja\activityscanning7 — kopia\activityscanning\debug\cpu.obj
c:\users\jedrusinsky\desktop\projekt symulacja\activityscanning7 — kopia\activityscanning\debug\activityscanning.obj
c:\users\jedrusinsky\desktop\projekt symulacja\activityscanning7 — kopia\activityscanning\debug\generator.obj
c:\users\jedrusinsky\desktop\projekt symulacja\activityscanning7\debug\activityscanning.exe
c:\users\jedrusinsky\desktop\projekt symulacja\activityscanning7\debug\activityscanning.ilk
c:\users\jedrusinsky\desktop\projekt symulacja\activityscanning7\debug\activityscanning.pdb
c:\users\jedrusinsky\desktop\projekt symulacja\activityscanning7 — kopia\debug\activityscanning.exe
c:\users\jedrusinsky\desktop\projekt symulacja\activityscanning7 — kopia\debug\activityscanning.ilk
c:\users\jedrusinsky\desktop\projekt symulacja\activityscanning7 — kopia\debug\activityscanning.pdb
c:\users\jedrusinsky\desktop\projekt symulacja\activityscanning7 — kopia\activityscanning\debug\activityscanning.obj.enc
c:\users\jedrusinsky\desktop\projekt symulacja\activityscanning7 — kopia\activityscanning\debug\activityscanning.tlog\cl.command.1.tlog
c:\users\jedrusinsky\desktop\projekt symulacja\activityscanning7 — kopia\activityscanning\debug\activityscanning.tlog\cl.read.1.tlog
c:\users\jedrusinsky\desktop\projekt symulacja\activityscanning7 — kopia\activityscanning\debug\activityscanning.tlog\cl.write.1.tlog
c:\users\jedrusinsky\desktop\projekt symulacja\activityscanning7 — kopia\activityscanning\debug\activityscanning.tlog\link.command.1.tlog
c:\users\jedrusinsky\desktop\projekt symulacja\activityscanning7 — kopia\activityscanning\debug\activityscanning.tlog\link.read.1.tlog
c:\users\jedrusinsky\desktop\projekt symulacja\activityscanning7 — kopia\activityscanning\debug\activityscanning.tlog\link.write.1.tlog
